<?xml version="1.0" encoding="UTF-8"?>
<testsuite name="login" tests="1" skipped="0" failures="1" errors="0" timestamp="2024-07-31T23:05:16" hostname="QV-3985" time="0.375">
  <properties/>
  <testcase name="login success" classname="login" time="0.375">
    <failure message="io.cucumber.junit.UndefinedStepException: The step &quot;the user enter the page&quot; is undefined. You can implement it using the snippet(s) below:&#10;&#10;@Given(&quot;the user enter the page&quot;)&#10;public void theUserEnterThePage() {&#10;    // Write code here that turns the phrase above into concrete actions&#10;    throw new io.cucumber.java.PendingException();&#10;}&#10;&#10;&#10;Some other steps were also undefined:&#10;&#10;@When(&quot;the user enter the &lt;email&gt; as email&quot;)&#10;public void theUserEnterTheEmailAsEmail() {&#10;    // Write code here that turns the phrase above into concrete actions&#10;    throw new io.cucumber.java.PendingException();&#10;}&#10;@When(&quot;the user enter the &lt;password&gt; as password&quot;)&#10;public void theUserEnterThePasswordAsPassword() {&#10;    // Write code here that turns the phrase above into concrete actions&#10;    throw new io.cucumber.java.PendingException();&#10;}&#10;@Then(&quot;the user looks at the home page&quot;)&#10;public void theUserLooksAtTheHomePage() {&#10;    // Write code here that turns the phrase above into concrete actions&#10;    throw new io.cucumber.java.PendingException();&#10;}&#10;" type="io.cucumber.junit.UndefinedStepException">io.cucumber.junit.UndefinedStepException: The step &quot;the user enter the page&quot; is undefined. You can implement it using the snippet(s) below:

@Given(&quot;the user enter the page&quot;)
public void theUserEnterThePage() {
    // Write code here that turns the phrase above into concrete actions
    throw new io.cucumber.java.PendingException();
}


Some other steps were also undefined:

@When(&quot;the user enter the &lt;email&gt; as email&quot;)
public void theUserEnterTheEmailAsEmail() {
    // Write code here that turns the phrase above into concrete actions
    throw new io.cucumber.java.PendingException();
}
@When(&quot;the user enter the &lt;password&gt; as password&quot;)
public void theUserEnterThePasswordAsPassword() {
    // Write code here that turns the phrase above into concrete actions
    throw new io.cucumber.java.PendingException();
}
@Then(&quot;the user looks at the home page&quot;)
public void theUserLooksAtTheHomePage() {
    // Write code here that turns the phrase above into concrete actions
    throw new io.cucumber.java.PendingException();
}

</failure>
  </testcase>
  <system-out><![CDATA[]]></system-out>
  <system-err><![CDATA[[Test worker] INFO io.cucumber.core.plugin.SerenityReporter - Running feature from file:///C:/Users/KevinDavidAnayaNegre/Documents/POM/mercurytoursPOM/src/test/resources/features/loginSuccess.feature
[Test worker] INFO  - 
 _____ _____ ____ _____   ____ _____  _    ____ _____ _____ ____  
|_   _| ____/ ___|_   _| / ___|_   _|/ \  |  _ \_   _| ____|  _ \ 
  | | |  _| \___ \ | |   \___ \ | | / _ \ | |_) || | |  _| | | | |
  | | | |___ ___) || |    ___) || |/ ___ \|  _ < | | | |___| |_| |
  |_| |_____|____/ |_|   |____/ |_/_/   \_\_| \_\|_| |_____|____/ 

login success(login;login-success)
-------------------------------------------------------------------
[Test worker] INFO  - 
          __  _____ _____ ____ _____   ____  _____ _   _ ____ ___ _   _  ____ 
 _       / / |_   _| ____/ ___|_   _| |  _ \| ____| \ | |  _ \_ _| \ | |/ ___|
(_)____ / /    | | |  _| \___ \ | |   | |_) |  _| |  \| | | | | ||  \| | |  _ 
 |_____/ /     | | | |___ ___) || |   |  __/| |___| |\  | |_| | || |\  | |_| |
(_)   /_/      |_| |_____|____/ |_|   |_|   |_____|_| \_|____/___|_| \_|\____|

login success
-------------------------------------------------------------------------------
]]></system-err>
</testsuite>
