<?xml version="1.0" encoding="UTF-8"?>
<testsuite name="runners.LoguinSuccesRunner" tests="0" skipped="0" failures="0" errors="0" timestamp="1970-01-01T00:00:00" hostname="QV-3985" time="0.0">
  <properties/>
  <system-out><![CDATA[
?[33mUndefined scenarios:?[0m
file:///C:/Users/KevinDavidAnayaNegre/Documents/POM/mercurytoursPOM/src/test/resources/features/loginSuccess.feature:4 # login success

1 Scenarios (?[33m1 undefined?[0m)
4 Steps (?[36m3 skipped?[0m, ?[33m1 undefined?[0m)
0m0,650s


You can implement missing steps with the snippets below:

@Given("the user enter the page")
public void theUserEnterThePage() {
    // Write code here that turns the phrase above into concrete actions
    throw new io.cucumber.java.PendingException();
}

@When("the user enter the <email> as email")
public void theUserEnterTheEmailAsEmail() {
    // Write code here that turns the phrase above into concrete actions
    throw new io.cucumber.java.PendingException();
}

@When("the user enter the <password> as password")
public void theUserEnterThePasswordAsPassword() {
    // Write code here that turns the phrase above into concrete actions
    throw new io.cucumber.java.PendingException();
}

@Then("the user looks at the home page")
public void theUserLooksAtTheHomePage() {
    // Write code here that turns the phrase above into concrete actions
    throw new io.cucumber.java.PendingException();
}


]]></system-out>
  <system-err><![CDATA[[Test worker] INFO io.cucumber.core.plugin.SerenityReporter - Running feature from file:///C:/Users/KevinDavidAnayaNegre/Documents/POM/mercurytoursPOM/src/test/resources/features/loginSuccess.feature
[Test worker] INFO  - 

-------------------------------------------------------------------------------------
     _______. _______ .______       _______ .__   __.  __  .___________.____    ____ 
    /       ||   ____||   _  \     |   ____||  \ |  | |  | |           |\   \  /   / 
   |   (----`|  |__   |  |_)  |    |  |__   |   \|  | |  | `---|  |----` \   \/   /  
    \   \    |   __|  |      /     |   __|  |  . `  | |  |     |  |       \_    _/   
.----)   |   |  |____ |  |\  \----.|  |____ |  |\   | |  |     |  |         |  |     
|_______/    |_______|| _| `._____||_______||__| \__| |__|     |__|         |__|    
                                                                                     
 News and tutorials at http://www.serenity-bdd.info                                  
 Documentation at https://wakaleo.gitbooks.io/the-serenity-book/content/             
 Join the Serenity Community on Gitter: https://gitter.im/serenity-bdd/serenity-core 
 Serenity BDD Support and Training at http://serenity-bdd.info/#/trainingandsupport  
-------------------------------------------------------------------------------------

[Test worker] INFO  - Test Suite Started: Login
]]></system-err>
</testsuite>
